2025-02-25 16:06:43,587 - INFO - Starting conversion of file: C:/Users/Herb/Videos/A_RC_5_User_Guide/Intro Quick Start/Audio/QuickStart-VO-Part-2.wav
2025-02-25 16:07:00,305 - INFO - Audio file loaded: 369000ms duration
2025-02-25 16:07:00,307 - INFO - Exporting to WAV format: C:\Users\Herb\Videos\A_RC_5_User_Guide\Intro Quick Start\Transcibes\tmp9zwzrc6k.wav
2025-02-25 16:07:01,595 - DEBUG - subprocess.call(['J:\\Dev\\Python\\TTS_Local\\audio-to-text-app\\tools\\ffmpeg.exe', '-y', '-f', 'wav', '-i', 'C:\\Users\\Herb\\AppData\\Local\\Temp\\tmp577jogx5', '-ac', '1', '-ar', '16000', '-f', 'wav', 'C:\\Users\\Herb\\AppData\\Local\\Temp\\tmp82b4j2mc'])
2025-02-25 16:07:02,031 - DEBUG - subprocess output: b'ffmpeg version 2025-02-24-git-6232f416b1-full_build-www.gyan.dev Copyright (c) 2000-2025 the FFmpeg developers'
2025-02-25 16:07:02,031 - DEBUG - subprocess output: b'  built with gcc 14.2.0 (Rev1, Built by MSYS2 project)'
2025-02-25 16:07:02,032 - DEBUG - subprocess output: b'  configuration: --enable-gpl --enable-version3 --enable-static --disable-w32threads --disable-autodetect --enable-fontconfig --enable-iconv --enable-gnutls --enable-lcms2 --enable-libxml2 --enable-gmp --enable-bzlib --enable-lzma --enable-libsnappy --enable-zlib --enable-librist --enable-libsrt --enable-libssh --enable-libzmq --enable-avisynth --enable-libbluray --enable-libcaca --enable-libdvdnav --enable-libdvdread --enable-sdl2 --enable-libaribb24 --enable-libaribcaption --enable-libdav1d --enable-libdavs2 --enable-libopenjpeg --enable-libquirc --enable-libuavs3d --enable-libxevd --enable-libzvbi --enable-libqrencode --enable-librav1e --enable-libsvtav1 --enable-libvvenc --enable-libwebp --enable-libx264 --enable-libx265 --enable-libxavs2 --enable-libxeve --enable-libxvid --enable-libaom --enable-libjxl --enable-libvpx --enable-mediafoundation --enable-libass --enable-frei0r --enable-libfreetype --enable-libfribidi --enable-libharfbuzz --enable-liblensfun --enable-libvidstab --enable-libvmaf --enable-libzimg --enable-amf --enable-cuda-llvm --enable-cuvid --enable-dxva2 --enable-d3d11va --enable-d3d12va --enable-ffnvcodec --enable-libvpl --enable-nvdec --enable-nvenc --enable-vaapi --enable-libshaderc --enable-vulkan --enable-libplacebo --enable-opencl --enable-libcdio --enable-libgme --enable-libmodplug --enable-libopenmpt --enable-libopencore-amrwb --enable-libmp3lame --enable-libshine --enable-libtheora --enable-libtwolame --enable-libvo-amrwbenc --enable-libcodec2 --enable-libilbc --enable-libgsm --enable-liblc3 --enable-libopencore-amrnb --enable-libopus --enable-libspeex --enable-libvorbis --enable-ladspa --enable-libbs2b --enable-libflite --enable-libmysofa --enable-librubberband --enable-libsoxr --enable-chromaprint'
2025-02-25 16:07:02,032 - DEBUG - subprocess output: b'  libavutil      59. 57.100 / 59. 57.100'
2025-02-25 16:07:02,032 - DEBUG - subprocess output: b'  libavcodec     61. 33.102 / 61. 33.102'
2025-02-25 16:07:02,033 - DEBUG - subprocess output: b'  libavformat    61.  9.107 / 61.  9.107'
2025-02-25 16:07:02,033 - DEBUG - subprocess output: b'  libavdevice    61.  4.100 / 61.  4.100'
2025-02-25 16:07:02,033 - DEBUG - subprocess output: b'  libavfilter    10.  9.100 / 10.  9.100'
2025-02-25 16:07:02,033 - DEBUG - subprocess output: b'  libswscale      8. 13.100 /  8. 13.100'
2025-02-25 16:07:02,033 - DEBUG - subprocess output: b'  libswresample   5.  4.100 /  5.  4.100'
2025-02-25 16:07:02,034 - DEBUG - subprocess output: b'  libpostproc    58.  4.100 / 58.  4.100'
2025-02-25 16:07:02,034 - DEBUG - subprocess output: b'[aist#0:0/pcm_s32le @ 000001a297afc880] Guessed Channel Layout: stereo'
2025-02-25 16:07:02,034 - DEBUG - subprocess output: b"Input #0, wav, from 'C:\\Users\\Herb\\AppData\\Local\\Temp\\tmp577jogx5':"
2025-02-25 16:07:02,034 - DEBUG - subprocess output: b'  Duration: 00:06:09.00, bitrate: 2822 kb/s'
2025-02-25 16:07:02,035 - DEBUG - subprocess output: b'  Stream #0:0: Audio: pcm_s32le ([1][0][0][0] / 0x0001), 44100 Hz, stereo, s32, 2822 kb/s'
2025-02-25 16:07:02,035 - DEBUG - subprocess output: b'Stream mapping:'
2025-02-25 16:07:02,035 - DEBUG - subprocess output: b'  Stream #0:0 -> #0:0 (pcm_s32le (native) -> pcm_s16le (native))'
2025-02-25 16:07:02,035 - DEBUG - subprocess output: b'Press [q] to stop, [?] for help'
2025-02-25 16:07:02,036 - DEBUG - subprocess output: b"Output #0, wav, to 'C:\\Users\\Herb\\AppData\\Local\\Temp\\tmp82b4j2mc':"
2025-02-25 16:07:02,036 - DEBUG - subprocess output: b'  Metadata:'
2025-02-25 16:07:02,036 - DEBUG - subprocess output: b'    ISFT            : Lavf61.9.107'
2025-02-25 16:07:02,036 - DEBUG - subprocess output: b'  Stream #0:0: Audio: pcm_s16le ([1][0][0][0] / 0x0001), 16000 Hz, mono, s16, 256 kb/s'
2025-02-25 16:07:02,037 - DEBUG - subprocess output: b'    Metadata:'
2025-02-25 16:07:02,037 - DEBUG - subprocess output: b'      encoder         : Lavc61.33.102 pcm_s16le'
2025-02-25 16:07:02,038 - DEBUG - subprocess output: b'[out#0/wav @ 000001a297af3600] video:0KiB audio:11531KiB subtitle:0KiB other streams:0KiB global headers:0KiB muxing overhead: 0.000661%'
2025-02-25 16:07:02,041 - DEBUG - subprocess output: b'size=   11531KiB time=00:06:09.00 bitrate= 256.0kbits/s speed=1.09e+03x'
2025-02-25 16:07:02,068 - INFO - Recording audio data from file
2025-02-25 16:07:02,136 - INFO - Starting Google speech recognition
2025-02-25 16:08:49,009 - INFO - Speech recognition completed successfully
2025-02-25 16:08:49,012 - INFO - Temporary file cleaned up
2025-02-25 16:19:42,694 - INFO - Starting conversion of file: C:/Users/Herb/Videos/A_RC_5_User_Guide/Intro Quick Start/Audio/QuickStart-VO-Part-2.wav
2025-02-25 16:19:58,453 - INFO - Audio file loaded: 369.0 seconds duration
2025-02-25 16:19:58,454 - INFO - Exporting to WAV format: C:/Users/Herb/Videos/A_RC_5_User_Guide/Intro Quick Start/Transcibes\temp_QuickStart-VO-Part-2.wav
2025-02-25 16:19:59,871 - DEBUG - subprocess.call(['J:\\Dev\\Python\\TTS_Local\\audio-to-text-app\\tools\\ffmpeg.exe', '-y', '-f', 'wav', '-i', 'C:\\Users\\Herb\\AppData\\Local\\Temp\\tmp4e_bba7l', '-ac', '1', '-ar', '16000', '-loglevel', 'error', '-f', 'wav', 'C:\\Users\\Herb\\AppData\\Local\\Temp\\tmpprk3js4q'])
2025-02-25 16:20:00,323 - INFO - Recording audio data from file
2025-02-25 16:20:00,383 - INFO - Starting Google speech recognition
2025-02-25 16:21:42,955 - INFO - Speech recognition completed successfully
2025-02-25 16:21:42,958 - INFO - Temporary file cleaned up
2025-02-25 16:24:16,063 - INFO - Starting conversion of file: C:/Users/Herb/Videos/A_RC_5_User_Guide/Intro Quick Start/Audio/QuickStart-VO-Part-2.wav
2025-02-25 16:24:31,444 - INFO - Audio file loaded: 369.0 seconds duration
2025-02-25 16:24:31,445 - INFO - Exporting to WAV format: C:/Users/Herb/Videos/A_RC_5_User_Guide/Intro Quick Start/Transcibes\temp_QuickStart-VO-Part-2.wav
2025-02-25 16:24:33,006 - DEBUG - subprocess.call(['J:\\Dev\\Python\\TTS_Local\\audio-to-text-app\\tools\\ffmpeg.exe', '-y', '-f', 'wav', '-i', 'C:\\Users\\Herb\\AppData\\Local\\Temp\\tmphuwq8twf', '-ac', '1', '-ar', '16000', '-loglevel', 'error', '-f', 'wav', 'C:\\Users\\Herb\\AppData\\Local\\Temp\\tmpgeb3r9mt'])
2025-02-25 16:24:33,423 - INFO - Recording audio data from file
2025-02-25 16:24:33,490 - INFO - Starting Google speech recognition
2025-02-25 16:26:09,682 - INFO - Speech recognition completed successfully
2025-02-25 16:26:09,685 - INFO - Temporary file cleaned up
2025-02-25 16:26:09,692 - INFO - Saved transcription to: C:/Users/Herb/Videos/A_RC_5_User_Guide/Intro Quick Start/Transcibes\transcription_2.txt
2025-02-25 16:31:01,906 - INFO - Application started
2025-02-25 16:31:01,906 - INFO - FFmpeg found at: J:\Dev\Python\TTS_Local\audio-to-text-app\tools\ffmpeg.exe
2025-02-25 16:31:09,644 - INFO - Starting conversion of file: C:/Users/Herb/Videos/A_RC_5_User_Guide/Intro Quick Start/Audio/QuickStart-VO-Part-2.wav
2025-02-25 16:31:09,644 - INFO - File size: 93.11 MB
2025-02-25 16:31:09,644 - INFO - Speech recognition initialized with custom settings
2025-02-25 16:31:26,135 - INFO - Audio file loaded: 369.0 seconds duration
2025-02-25 16:31:26,136 - INFO - Audio properties: 2 channels, 44100Hz sample rate
2025-02-25 16:31:26,136 - WARNING - Failed to clean up temp file: local variable 'temp_path' referenced before assignment
2025-02-25 16:31:26,136 - ERROR - Unexpected error during conversion: makedirs() got an unexpected keyword argument 'exist_okay'
Traceback (most recent call last):
  File "J:\Dev\Python\TTS_Local\audio-to-text-app\main.py", line 290, in convert_audio_to_text
    os.makedirs(self.output_folder, exist_okay=True)
TypeError: makedirs() got an unexpected keyword argument 'exist_okay'
2025-02-25 16:31:26,153 - INFO - Saved transcription to: C:/Users/Herb/Videos/A_RC_5_User_Guide/Intro Quick Start/Transcibes\transcription_3.txt
2025-02-25 16:33:07,902 - INFO - Application started
2025-02-25 16:33:07,902 - INFO - FFmpeg found at: J:\Dev\Python\TTS_Local\audio-to-text-app\tools\ffmpeg.exe
2025-02-25 16:33:18,058 - INFO - Starting conversion of file: C:/Users/Herb/Videos/A_RC_5_User_Guide/Intro Quick Start/Audio/QuickStart-VO-Part-2.wav
2025-02-25 16:33:18,058 - INFO - File size: 93.11 MB
2025-02-25 16:33:18,058 - INFO - Speech recognition initialized with custom settings
2025-02-25 16:33:34,849 - INFO - Audio file loaded: 369.0 seconds duration
2025-02-25 16:33:34,849 - INFO - Audio properties: 2 channels, 44100Hz sample rate
2025-02-25 16:33:34,850 - INFO - Converting to optimized WAV format (mono, 16kHz)
2025-02-25 16:33:36,225 - INFO - Audio conversion completed
2025-02-25 16:33:36,225 - INFO - Recording audio data from file
2025-02-25 16:33:36,284 - INFO - Starting Google speech recognition
2025-02-25 16:35:17,077 - INFO - Speech recognition completed: 539 characters transcribed
2025-02-25 16:35:17,078 - INFO - Speech recognition completed successfully
2025-02-25 16:35:17,080 - INFO - Temporary file cleaned up
2025-02-25 16:35:17,086 - INFO - Saved transcription to: C:/Users/Herb/Videos/A_RC_5_User_Guide/Intro Quick Start/Transcibes\transcription_4.txt
2025-02-25 16:43:22,947 - INFO - Application started
2025-02-25 16:43:22,947 - INFO - FFmpeg found at: J:\Dev\Python\TTS_Local\audio-to-text-app\tools\ffmpeg.exe
2025-02-25 16:46:45,492 - INFO - Application started
2025-02-25 16:46:45,492 - INFO - FFmpeg found at: J:\Dev\Python\TTS_Local\audio-to-text-app\tools\ffmpeg.exe
2025-02-25 16:55:53,241 - INFO - Application started
2025-02-25 16:55:53,242 - INFO - FFmpeg found at: J:\Dev\Python\TTS_Local\audio-to-text-app\tools\ffmpeg.exe
2025-02-25 16:55:57,935 - INFO - Starting conversion of file: C:/Users/Herb/Videos/A_RC_5_User_Guide/Intro Quick Start/Audio/QuickStart-VO-Part-2.wav
2025-02-25 16:55:57,936 - INFO - File size: 93.11 MB
2025-02-25 16:55:57,936 - INFO - Speech recognition initialized with custom settings
2025-02-25 16:56:14,115 - INFO - Audio file loaded: 369.0 seconds duration
2025-02-25 16:56:14,115 - INFO - Audio properties: 2 channels, 44100Hz sample rate
2025-02-25 16:56:14,116 - INFO - Converting to optimized WAV format (mono, 16kHz)
2025-02-25 16:56:15,575 - INFO - Audio conversion completed
2025-02-25 16:56:15,576 - INFO - Recording audio data from file
2025-02-25 16:56:15,637 - INFO - Starting Google speech recognition
2025-02-25 16:57:52,816 - INFO - Speech recognition completed: 539 characters transcribed
2025-02-25 16:57:52,816 - INFO - Speech recognition completed successfully
2025-02-25 16:57:52,819 - INFO - Temporary file cleaned up
2025-02-25 16:57:52,825 - INFO - Saved transcription to: C:/Users/Herb/Videos/A_RC_5_User_Guide/Intro Quick Start/Transcibes\transcription_5.txt
2025-02-25 17:03:23,677 - INFO - Application started
2025-02-25 17:03:23,678 - INFO - FFmpeg found at: J:\Dev\Python\TTS_Local\audio-to-text-app\tools\ffmpeg.exe
2025-02-25 17:22:14,498 - INFO - Application started
2025-02-25 17:22:14,498 - INFO - FFmpeg found at: J:\Dev\Python\TTS_Local\audio-to-text-app\tools\ffmpeg.exe
2025-02-25 17:22:42,472 - INFO - Application started
2025-02-25 17:22:42,472 - INFO - FFmpeg found at: J:\Dev\Python\TTS_Local\audio-to-text-app\tools\ffmpeg.exe
2025-02-25 17:24:20,281 - INFO - Application started
2025-02-25 17:24:20,281 - INFO - FFmpeg found at: J:\Dev\Python\TTS_Local\audio-to-text-app\tools\ffmpeg.exe
2025-02-25 17:24:29,474 - INFO - Application started
2025-02-25 17:24:29,474 - INFO - FFmpeg found at: J:\Dev\Python\TTS_Local\audio-to-text-app\tools\ffmpeg.exe
2025-02-25 18:26:52,356 - INFO - Could not import comtypes.gen, trying to create it.
2025-02-25 18:26:52,357 - INFO - Created comtypes.gen directory: 'J:\Dev\Python\TTS_Local\.venv\lib\site-packages\comtypes\gen'
2025-02-25 18:26:52,358 - INFO - Writing __init__.py file: 'J:\Dev\Python\TTS_Local\.venv\lib\site-packages\comtypes\gen\__init__.py'
2025-02-25 18:26:52,384 - INFO - Using writeable comtypes cache directory: 'J:\Dev\Python\TTS_Local\.venv\lib\site-packages\comtypes\gen'
2025-02-25 18:26:52,563 - INFO - Could not import comtypes.gen._C866CA3A_32F7_11D2_9602_00C04F8EE628_0_5_4: No module named 'comtypes.gen._C866CA3A_32F7_11D2_9602_00C04F8EE628_0_5_4'
2025-02-25 18:26:52,569 - INFO - # Generating comtypes.gen._C866CA3A_32F7_11D2_9602_00C04F8EE628_0_5_4
2025-02-25 18:26:52,723 - INFO - # Generating comtypes.gen.SpeechLib
2025-02-25 18:26:52,740 - INFO - Could not import comtypes.gen._00020430_0000_0000_C000_000000000046_0_2_0: No module named 'comtypes.gen._00020430_0000_0000_C000_000000000046_0_2_0'
2025-02-25 18:26:52,741 - INFO - # Generating comtypes.gen._00020430_0000_0000_C000_000000000046_0_2_0
2025-02-25 18:26:52,757 - INFO - # Generating comtypes.gen.stdole
2025-02-25 18:26:54,259 - INFO - Application started
2025-02-25 18:26:54,259 - INFO - FFmpeg found at: J:\Dev\Python\TTS_Local\audio-to-text-app\tools\ffmpeg.exe
2025-02-25 18:31:59,418 - INFO - Imported existing <module 'comtypes.gen' from 'J:\\Dev\\Python\\TTS_Local\\.venv\\lib\\site-packages\\comtypes\\gen\\__init__.py'>
2025-02-25 18:31:59,418 - INFO - Using writeable comtypes cache directory: 'J:\Dev\Python\TTS_Local\.venv\lib\site-packages\comtypes\gen'
2025-02-25 18:31:59,766 - INFO - Application started
2025-02-25 18:31:59,766 - INFO - FFmpeg found at: J:\Dev\Python\TTS_Local\audio-to-text-app\tools\ffmpeg.exe
2025-02-25 18:47:52,759 - INFO - Imported existing <module 'comtypes.gen' from 'J:\\Dev\\Python\\TTS_Local\\.venv\\lib\\site-packages\\comtypes\\gen\\__init__.py'>
2025-02-25 18:47:52,760 - INFO - Using writeable comtypes cache directory: 'J:\Dev\Python\TTS_Local\.venv\lib\site-packages\comtypes\gen'
2025-02-25 18:47:53,112 - INFO - Application started
2025-02-25 18:47:53,112 - INFO - FFmpeg found at: J:\Dev\Python\TTS_Local\audio-to-text-app\tools\ffmpeg.exe
2025-02-25 18:50:56,083 - INFO - Imported existing <module 'comtypes.gen' from 'J:\\Dev\\Python\\TTS_Local\\.venv\\lib\\site-packages\\comtypes\\gen\\__init__.py'>
2025-02-25 18:50:56,083 - INFO - Using writeable comtypes cache directory: 'J:\Dev\Python\TTS_Local\.venv\lib\site-packages\comtypes\gen'
2025-02-25 18:50:56,420 - INFO - Application started
2025-02-25 18:50:56,421 - INFO - FFmpeg found at: J:\Dev\Python\TTS_Local\audio-to-text-app\tools\ffmpeg.exe
2025-02-25 19:00:01,964 - INFO - Imported existing <module 'comtypes.gen' from 'J:\\Dev\\Python\\TTS_Local\\.venv\\lib\\site-packages\\comtypes\\gen\\__init__.py'>
2025-02-25 19:00:01,964 - INFO - Using writeable comtypes cache directory: 'J:\Dev\Python\TTS_Local\.venv\lib\site-packages\comtypes\gen'
2025-02-25 19:00:02,318 - INFO - Application started
2025-02-25 19:00:02,318 - INFO - FFmpeg found at: J:\Dev\Python\TTS_Local\audio-to-text-app\tools\ffmpeg.exe
2025-02-25 19:01:03,903 - INFO - Imported existing <module 'comtypes.gen' from 'J:\\Dev\\Python\\TTS_Local\\.venv\\lib\\site-packages\\comtypes\\gen\\__init__.py'>
2025-02-25 19:01:03,903 - INFO - Using writeable comtypes cache directory: 'J:\Dev\Python\TTS_Local\.venv\lib\site-packages\comtypes\gen'
2025-02-25 19:01:04,253 - INFO - Application started
2025-02-25 19:01:04,253 - INFO - FFmpeg found at: J:\Dev\Python\TTS_Local\audio-to-text-app\tools\ffmpeg.exe
2025-02-25 19:01:11,381 - INFO - Starting conversion of file: C:/Users/Herb/Videos/A_RC_5_User_Guide/Intro Quick Start/Audio/QuickStart-VO-Part-2.wav
2025-02-25 19:01:11,382 - INFO - File size: 93.11 MB
2025-02-25 19:01:11,383 - INFO - Speech recognition initialized with custom settings
2025-02-25 19:01:29,155 - INFO - Audio file loaded: 369.0 seconds duration
2025-02-25 19:01:29,155 - INFO - Audio properties: 2 channels, 44100Hz sample rate
2025-02-25 19:01:29,156 - INFO - Converting to optimized WAV format (mono, 16kHz)
2025-02-25 19:01:30,612 - INFO - Audio conversion completed
2025-02-25 19:01:30,613 - INFO - Recording audio data from file
2025-02-25 19:01:30,670 - INFO - Starting Google speech recognition
2025-02-25 19:03:12,117 - INFO - Speech recognition completed: 539 characters transcribed
2025-02-25 19:03:12,117 - INFO - Speech recognition completed successfully
2025-02-25 19:03:12,120 - INFO - Temporary file cleaned up
2025-02-25 19:03:12,125 - INFO - Saved transcription to: J:\Dev\Python\TTS_Local\audio-to-text-app\Transcribes\transcription_2.txt
2025-02-25 19:11:49,833 - INFO - Imported existing <module 'comtypes.gen' from 'J:\\Dev\\Python\\TTS_Local\\.venv\\lib\\site-packages\\comtypes\\gen\\__init__.py'>
2025-02-25 19:11:49,834 - INFO - Using writeable comtypes cache directory: 'J:\Dev\Python\TTS_Local\.venv\lib\site-packages\comtypes\gen'
2025-02-25 19:11:50,541 - INFO - Application started
2025-02-25 19:11:50,541 - INFO - FFmpeg found at: J:\Dev\Python\TTS_Local\audio-to-text-app\tools\ffmpeg.exe
2025-02-25 19:16:26,075 - INFO - Imported existing <module 'comtypes.gen' from 'J:\\Dev\\Python\\TTS_Local\\.venv\\lib\\site-packages\\comtypes\\gen\\__init__.py'>
2025-02-25 19:16:26,076 - INFO - Using writeable comtypes cache directory: 'J:\Dev\Python\TTS_Local\.venv\lib\site-packages\comtypes\gen'
2025-02-25 19:16:26,658 - INFO - Application started
2025-02-25 19:16:26,658 - INFO - FFmpeg found at: J:\Dev\Python\TTS_Local\audio-to-text-app\tools\ffmpeg.exe
2025-02-25 19:23:51,122 - INFO - Imported existing <module 'comtypes.gen' from 'J:\\Dev\\Python\\TTS_Local\\.venv\\lib\\site-packages\\comtypes\\gen\\__init__.py'>
2025-02-25 19:23:51,123 - INFO - Using writeable comtypes cache directory: 'J:\Dev\Python\TTS_Local\.venv\lib\site-packages\comtypes\gen'
2025-02-25 19:23:51,759 - INFO - Application started
2025-02-25 19:23:51,759 - INFO - FFmpeg found at: J:\Dev\Python\TTS_Local\audio-to-text-app\tools\ffmpeg.exe
2025-02-25 19:31:11,187 - INFO - Imported existing <module 'comtypes.gen' from 'J:\\Dev\\Python\\TTS_Local\\.venv\\lib\\site-packages\\comtypes\\gen\\__init__.py'>
2025-02-25 19:31:11,188 - INFO - Using writeable comtypes cache directory: 'J:\Dev\Python\TTS_Local\.venv\lib\site-packages\comtypes\gen'
2025-02-25 19:31:11,730 - INFO - Application started
2025-02-25 19:31:11,730 - INFO - FFmpeg found at: J:\Dev\Python\TTS_Local\audio-to-text-app\tools\ffmpeg.exe
2025-02-25 19:42:46,137 - INFO - Imported existing <module 'comtypes.gen' from 'J:\\Dev\\Python\\TTS_Local\\.venv\\lib\\site-packages\\comtypes\\gen\\__init__.py'>
2025-02-25 19:42:46,138 - INFO - Using writeable comtypes cache directory: 'J:\Dev\Python\TTS_Local\.venv\lib\site-packages\comtypes\gen'
2025-02-25 19:42:46,713 - INFO - Application started
2025-02-25 19:42:46,713 - INFO - FFmpeg found at: J:\Dev\Python\TTS_Local\audio-to-text-app\tools\ffmpeg.exe
2025-02-26 03:15:00,060 - INFO - Could not import comtypes.gen, trying to create it.
2025-02-26 03:15:00,080 - INFO - Created comtypes.gen directory: 'J:\Dev\Python\TTS_Local\audio-to-text-app\venv\lib\site-packages\comtypes\gen'
2025-02-26 03:15:00,081 - INFO - Writing __init__.py file: 'J:\Dev\Python\TTS_Local\audio-to-text-app\venv\lib\site-packages\comtypes\gen\__init__.py'
2025-02-26 03:15:00,084 - INFO - Using writeable comtypes cache directory: 'J:\Dev\Python\TTS_Local\audio-to-text-app\venv\lib\site-packages\comtypes\gen'
2025-02-26 03:15:00,132 - INFO - Could not import comtypes.gen._C866CA3A_32F7_11D2_9602_00C04F8EE628_0_5_4: No module named 'comtypes.gen._C866CA3A_32F7_11D2_9602_00C04F8EE628_0_5_4'
2025-02-26 03:15:00,148 - INFO - # Generating comtypes.gen._C866CA3A_32F7_11D2_9602_00C04F8EE628_0_5_4
2025-02-26 03:15:00,324 - INFO - # Generating comtypes.gen.SpeechLib
2025-02-26 03:15:00,336 - INFO - Could not import comtypes.gen._00020430_0000_0000_C000_000000000046_0_2_0: No module named 'comtypes.gen._00020430_0000_0000_C000_000000000046_0_2_0'
2025-02-26 03:15:00,337 - INFO - # Generating comtypes.gen._00020430_0000_0000_C000_000000000046_0_2_0
2025-02-26 03:15:00,352 - INFO - # Generating comtypes.gen.stdole
2025-02-26 03:15:02,304 - INFO - Application started
2025-02-26 03:15:02,312 - INFO - Found FFmpeg at: J:\Dev\Python\TTS_Local\audio-to-text-app\modules\audio\..\..\tools\ffmpeg.exe
2025-02-26 03:29:59,621 - INFO - Imported existing <module 'comtypes.gen' from 'J:\\Dev\\Python\\TTS_Local\\audio-to-text-app\\venv\\lib\\site-packages\\comtypes\\gen\\__init__.py'>
2025-02-26 03:29:59,622 - INFO - Using writeable comtypes cache directory: 'J:\Dev\Python\TTS_Local\audio-to-text-app\venv\lib\site-packages\comtypes\gen'
2025-02-26 03:30:00,122 - INFO - Application started
2025-02-26 03:30:00,129 - INFO - Found FFmpeg at: J:\Dev\Python\TTS_Local\audio-to-text-app\modules\audio\..\..\tools\ffmpeg.exe
2025-02-26 03:30:44,702 - INFO - Imported existing <module 'comtypes.gen' from 'J:\\Dev\\Python\\TTS_Local\\audio-to-text-app\\venv\\lib\\site-packages\\comtypes\\gen\\__init__.py'>
2025-02-26 03:30:44,703 - INFO - Using writeable comtypes cache directory: 'J:\Dev\Python\TTS_Local\audio-to-text-app\venv\lib\site-packages\comtypes\gen'
2025-02-26 03:30:45,161 - INFO - Application started
2025-02-26 03:30:45,167 - INFO - Found FFmpeg at: J:\Dev\Python\TTS_Local\audio-to-text-app\modules\audio\..\..\tools\ffmpeg.exe
